#
# A fatal error has been detected by the Java Runtime Environment:
#
#  Internal Error (safepoint.cpp:919), pid=66680, tid=26883
#  fatal error: Illegal threadstate encountered: 4
#
# JRE version: Java(TM) SE Runtime Environment 18.9 (11.0.14+8) (build 11.0.14+8-LTS-263)
# Java VM: Java HotSpot(TM) 64-Bit Server VM 18.9 (11.0.14+8-LTS-263, mixed mode, tiered, compressed oops, g1 gc, bsd-amd64)
# No core dump will be written. Core dumps have been disabled. To enable core dumping, try "ulimit -c unlimited" before starting Java again
#
# If you would like to submit a bug report, please visit:
#   https://bugreport.java.com/bugreport/crash.jsp
# The crash happened outside the Java Virtual Machine in native code.
# See problematic frame for where to report the bug.
#

---------------  S U M M A R Y ------------

Command Line: --module-path=/documents/javafx/javafx-sdk-16-1/lib --add-modules=javafx.controls,javafx.fxml -Dfile.encoding=UTF-8 --module-path=/Users/yosolukito/Documents/javafx/javafx-sdk-16-1/lib/jfxtras-labs-9.0-r1.jar:/Users/yosolukito/Documents/javafx/javafx-sdk-16-1/lib/javafx.base.jar:/Users/yosolukito/Documents/javafx/javafx-sdk-16-1/lib/javafx.controls.jar:/Users/yosolukito/Documents/javafx/javafx-sdk-16-1/lib/javafx.web.jar:/Users/yosolukito/Documents/javafx/javafx-sdk-16-1/lib/javafx.swing.jar:/Users/yosolukito/Documents/javafx/javafx-sdk-16-1/lib/javafx.graphics.jar:/Users/yosolukito/Documents/javafx/javafx-sdk-16-1/lib/javafx.media.jar:/Users/yosolukito/Documents/javafx/javafx-sdk-16-1/lib/javafx-swt.jar:/Users/yosolukito/Documents/javafx/javafx-sdk-16-1/lib/javafx.fxml.jar:/Users/yosolukito/Documents/zaky file kuliah/semster3/BAD/mysql-connector-java-8.0.24.jar Auth

Host: MacBookAir9,1 x86_64 1100 MHz, 8 cores, 8G, Darwin 21.6.0
Time: Sat Jan  7 09:02:41 2023 WIB elapsed time: 51.145631 seconds (0d 0h 0m 51s)

---------------  T H R E A D  ---------------

Current thread (0x00007fafe092c000):  JavaThread "InvokeLaterDispatcher" daemon [_thread_in_native, id=26883, stack(0x000070000d4e9000,0x000070000d5e9000)]

Stack: [0x000070000d4e9000,0x000070000d5e9000],  sp=0x000070000d5e72e0,  free space=1016k
Native frames: (J=compiled Java code, j=interpreted, Vv=VM code, C=native code)
V  [libjvm.dylib+0x788c86]  _ZN7VMError14report_and_dieEiPKcS1_P13__va_list_tagP6ThreadPhPvS7_S1_im+0x54c
V  [libjvm.dylib+0x255da4]  _Z12report_fatal11VMErrorTypePKciS1_z+0xbc
V  [libjvm.dylib+0x6a8ed4]  _ZN20SafepointSynchronize5blockEP10JavaThread+0x1d8
V  [libjvm.dylib+0x6aaa3d]  _ZN18SafepointMechanism23block_if_requested_slowEP10JavaThread+0x1d
V  [libjvm.dylib+0x7384e4]  _ZN10JavaThread44check_safepoint_and_suspend_for_native_transEPS_+0x9c
V  [libjvm.dylib+0x3cf33c]  jni_DeleteGlobalRef+0x91
C  [libglass.dylib+0x8fe8]  -[GlassRunnable dealloc]+0x28
C  [Foundation+0x8188e]  -[_NSThreadPerformInfo dealloc]+0x2a
C  [Foundation+0x4e406]  -[NSObject(NSThreadPerformAdditions) performSelectorOnMainThread:withObject:waitUntilDone:]+0x7c
J 4258  com.sun.glass.ui.mac.MacApplication._submitForLaterInvocation(Ljava/lang/Runnable;)V javafx.graphics (0 bytes) @ 0x000000011a3a8f8f [0x000000011a3a8ec0+0x00000000000000cf]
J 5536 c1 com.sun.glass.ui.mac.MacApplication.submitForLaterInvocation(Ljava/lang/Runnable;)V javafx.graphics (6 bytes) @ 0x00000001137fecb4 [0x00000001137fec40+0x0000000000000074]
j  com.sun.glass.ui.InvokeLaterDispatcher.run()V+82 javafx.graphics
v  ~StubRoutines::call_stub
V  [libjvm.dylib+0x3907cb]  _ZN9JavaCalls11call_helperEP9JavaValueRK12methodHandleP17JavaCallArgumentsP6Thread+0x207
V  [libjvm.dylib+0x38fc43]  _ZN9JavaCalls12call_virtualEP9JavaValueP5KlassP6SymbolS5_P17JavaCallArgumentsP6Thread+0xe9
V  [libjvm.dylib+0x38fcfe]  _ZN9JavaCalls12call_virtualEP9JavaValue6HandleP5KlassP6SymbolS6_P6Thread+0x62
V  [libjvm.dylib+0x417b83]  _ZL12thread_entryP10JavaThreadP6Thread+0x78
V  [libjvm.dylib+0x736f36]  _ZN10JavaThread17thread_main_innerEv+0x82
V  [libjvm.dylib+0x736d87]  _ZN10JavaThread3runEv+0x121
V  [libjvm.dylib+0x734c4a]  _ZN6Thread8call_runEv+0x68
V  [libjvm.dylib+0x63a6b6]  _ZL19thread_native_entryP6Thread+0x136
C  [libsystem_pthread.dylib+0x64e1]  _pthread_start+0x7d
C  [libsystem_pthread.dylib+0x1f6b]  thread_start+0xf

Java frames: (J=compiled Java code, j=interpreted, Vv=VM code)
J 4258  com.sun.glass.ui.mac.MacApplication._submitForLaterInvocation(Ljava/lang/Runnable;)V javafx.graphics (0 bytes) @ 0x000000011a3a8f1c [0x000000011a3a8ec0+0x000000000000005c]
J 5536 c1 com.sun.glass.ui.mac.MacApplication.submitForLaterInvocation(Ljava/lang/Runnable;)V javafx.graphics (6 bytes) @ 0x00000001137fecb4 [0x00000001137fec40+0x0000000000000074]
j  com.sun.glass.ui.InvokeLaterDispatcher.run()V+82 javafx.graphics
v  ~StubRoutines::call_stub

---------------  P R O C E S S  ---------------

Threads class SMR info:
_java_thread_list=0x00006000007c3420, length=17, elements={
0x00007fafde809800, 0x00007fafe0818800, 0x00007fafe080f000, 0x00007fafe0025800,
0x00007fafe0811000, 0x00007fafe0819800, 0x00007fafe002b800, 0x00007fafe0026800,
0x00007fafdf8ac800, 0x00007fafdf8b4000, 0x00007fafe092c000, 0x00007fafdea16000,
0x00007fafe4009800, 0x00007fafe094d800, 0x00007fafe0ab5000, 0x00007fafe4032800,
0x00007fafe0c62800
}

Java Threads: ( => current thread )
  0x00007fafde809800 JavaThread "main" [_thread_blocked, id=9987, stack(0x000070000c1ad000,0x000070000c2ad000)]
  0x00007fafe0818800 JavaThread "Reference Handler" daemon [_thread_blocked, id=18179, stack(0x000070000c8c2000,0x000070000c9c2000)]
  0x00007fafe080f000 JavaThread "Finalizer" daemon [_thread_blocked, id=13827, stack(0x000070000c9c5000,0x000070000cac5000)]
  0x00007fafe0025800 JavaThread "Signal Dispatcher" daemon [_thread_blocked, id=15875, stack(0x000070000cbce000,0x000070000ccce000)]
  0x00007fafe0811000 JavaThread "Service Thread" daemon [_thread_blocked, id=21763, stack(0x000070000ccd1000,0x000070000cdd1000)]
  0x00007fafe0819800 JavaThread "C2 CompilerThread0" daemon [_thread_blocked, id=42755, stack(0x000070000cdd4000,0x000070000ced4000)]
  0x00007fafe002b800 JavaThread "C1 CompilerThread0" daemon [_thread_blocked, id=41987, stack(0x000070000ced7000,0x000070000cfd7000)]
  0x00007fafe0026800 JavaThread "Sweeper thread" daemon [_thread_blocked, id=22275, stack(0x000070000cfda000,0x000070000d0da000)]
  0x00007fafdf8ac800 JavaThread "Common-Cleaner" daemon [_thread_blocked, id=40963, stack(0x000070000d0dd000,0x000070000d1dd000)]
  0x00007fafdf8b4000 JavaThread "QuantumRenderer-0" daemon [_thread_blocked, id=39683, stack(0x000070000d3e6000,0x000070000d4e6000)]
=>0x00007fafe092c000 JavaThread "InvokeLaterDispatcher" daemon [_thread_in_native, id=26883, stack(0x000070000d4e9000,0x000070000d5e9000)]
  0x00007fafdea16000 JavaThread "JavaFX Application Thread" [_thread_in_native_trans, id=259, stack(0x00007ff7b64d3000,0x00007ff7b6cd3000)]
  0x00007fafe4009800 JavaThread "JavaFX-Launcher" [_thread_blocked, id=79619, stack(0x000070000d66f000,0x000070000d76f000)]
  0x00007fafe094d800 JavaThread "mysql-cj-abandoned-connection-cleanup" daemon [_thread_blocked, id=51203, stack(0x000070000d7f5000,0x000070000d8f5000)]
  0x00007fafe0ab5000 JavaThread "Prism Font Disposer" daemon [_thread_blocked, id=59395, stack(0x000070000df8d000,0x000070000e08d000)]
  0x00007fafe4032800 JavaThread "Cleaner-0" daemon [_thread_blocked, id=61451, stack(0x000070000e090000,0x000070000e190000)]
  0x00007fafe0c62800 JavaThread "PulseTimer-CVDisplayLink thread" daemon [_thread_in_native, id=58163, stack(0x000070000de07000,0x000070000de87000)]

Other Threads:
  0x00007fafde8c0800 VMThread "VM Thread" [stack: 0x000070000c7bf000,0x000070000c8bf000] [id=18691]
  0x00007fafdf8b3800 WatcherThread [stack: 0x000070000d2e3000,0x000070000d3e3000] [id=23043]
  0x00007fafde80a800 GCTaskThread "GC Thread#0" [stack: 0x000070000c2b0000,0x000070000c3b0000] [id=20995]
  0x00007fafdf92f800 GCTaskThread "GC Thread#1" [stack: 0x000070000d8f8000,0x000070000d9f8000] [id=78595]
  0x00007fafdea71000 GCTaskThread "GC Thread#2" [stack: 0x000070000d9fb000,0x000070000dafb000] [id=51459]
  0x00007fafdf93b000 GCTaskThread "GC Thread#3" [stack: 0x000070000dafe000,0x000070000dbfe000] [id=51971]
  0x00007fafdea88800 GCTaskThread "GC Thread#4" [stack: 0x000070000dc01000,0x000070000dd01000] [id=78083]
  0x00007fafdea89800 GCTaskThread "GC Thread#5" [stack: 0x000070000dd04000,0x000070000de04000] [id=77827]
  0x00007fafde82e000 ConcurrentGCThread "G1 Main Marker" [stack: 0x000070000c3b3000,0x000070000c4b3000] [id=11779]
  0x00007fafde82f000 ConcurrentGCThread "G1 Conc#0" [stack: 0x000070000c4b6000,0x000070000c5b6000] [id=20227]
  0x00007fafdfa8b800 ConcurrentGCThread "G1 Conc#1" [stack: 0x000070000de8a000,0x000070000df8a000] [id=68103]
  0x00007fafde88f800 ConcurrentGCThread "G1 Refine#0" [stack: 0x000070000c5b9000,0x000070000c6b9000] [id=19971]
  0x00007fafde890800 ConcurrentGCThread "G1 Young RemSet Sampling" [stack: 0x000070000c6bc000,0x000070000c7bc000] [id=19459]

Threads with active compile tasks:

VM state:not at safepoint (normal execution)

VM Mutex/Monitor currently owned by a thread: None

Heap address: 0x0000000780000000, size: 2048 MB, Compressed Oops mode: Zero based, Oop shift amount: 3
Narrow klass base: 0x0000000800000000, Narrow klass shift: 0
Compressed class space size: 1073741824 Address: 0x0000000800000000

Heap:
 garbage-first heap   total 131072K, used 52651K [0x0000000780000000, 0x0000000800000000)
  region size 1024K, 37 young (37888K), 2 survivors (2048K)
 Metaspace       used 31048K, capacity 32444K, committed 32768K, reserved 1077248K
  class space    used 3958K, capacity 4537K, committed 4608K, reserved 1048576K
Heap Regions: E=young(eden), S=young(survivor), O=old, HS=humongous(starts), HC=humongous(continues), CS=collection set, F=free, A=archive, TAMS=top-at-mark-start (previous, next)
|   0|0x0000000780000000, 0x0000000780100000, 0x0000000780100000|100%| O|  |TAMS 0x0000000780100000, 0x0000000780000000| Untracked 
|   1|0x0000000780100000, 0x0000000780200000, 0x0000000780200000|100%|HS|  |TAMS 0x0000000780100000, 0x0000000780100000| Complete 
|   2|0x0000000780200000, 0x0000000780300000, 0x0000000780300000|100%|HC|  |TAMS 0x0000000780200000, 0x0000000780200000| Complete 
|   3|0x0000000780300000, 0x0000000780400000, 0x0000000780400000|100%| O|  |TAMS 0x0000000780400000, 0x0000000780300000| Untracked 
|   4|0x0000000780400000, 0x0000000780500000, 0x0000000780500000|100%| O|  |TAMS 0x0000000780500000, 0x0000000780400000| Untracked 
|   5|0x0000000780500000, 0x0000000780600000, 0x0000000780600000|100%| O|  |TAMS 0x0000000780600000, 0x0000000780500000| Untracked 
|   6|0x0000000780600000, 0x0000000780700000, 0x0000000780700000|100%| O|  |TAMS 0x0000000780700000, 0x0000000780600000| Untracked 
|   7|0x0000000780700000, 0x0000000780800000, 0x0000000780800000|100%| O|  |TAMS 0x0000000780800000, 0x0000000780700000| Untracked 
|   8|0x0000000780800000, 0x0000000780900000, 0x0000000780900000|100%| O|  |TAMS 0x0000000780900000, 0x0000000780800000| Untracked 
|   9|0x0000000780900000, 0x0000000780a00000, 0x0000000780a00000|100%| O|  |TAMS 0x0000000780a00000, 0x0000000780900000| Untracked 
|  10|0x0000000780a00000, 0x0000000780a00000, 0x0000000780b00000|  0%| F|  |TAMS 0x0000000780a00000, 0x0000000780a00000| Untracked 
|  11|0x0000000780b00000, 0x0000000780b00000, 0x0000000780c00000|  0%| F|  |TAMS 0x0000000780b00000, 0x0000000780b00000| Untracked 
|  12|0x0000000780c00000, 0x0000000780c00000, 0x0000000780d00000|  0%| F|  |TAMS 0x0000000780c00000, 0x0000000780c00000| Untracked 
|  13|0x0000000780d00000, 0x0000000780d00000, 0x0000000780e00000|  0%| F|  |TAMS 0x0000000780d00000, 0x0000000780d00000| Untracked 
|  14|0x0000000780e00000, 0x0000000780e00000, 0x0000000780f00000|  0%| F|  |TAMS 0x0000000780e00000, 0x0000000780e00000| Untracked 
|  15|0x0000000780f00000, 0x0000000780f00000, 0x0000000781000000|  0%| F|  |TAMS 0x0000000780f00000, 0x0000000780f00000| Untracked 
|  16|0x0000000781000000, 0x0000000781000000, 0x0000000781100000|  0%| F|  |TAMS 0x0000000781000000, 0x0000000781000000| Untracked 
|  17|0x0000000781100000, 0x0000000781100000, 0x0000000781200000|  0%| F|  |TAMS 0x0000000781100000, 0x0000000781100000| Untracked 
|  18|0x0000000781200000, 0x0000000781200000, 0x0000000781300000|  0%| F|  |TAMS 0x0000000781200000, 0x0000000781200000| Untracked 
|  19|0x0000000781300000, 0x0000000781300000, 0x0000000781400000|  0%| F|  |TAMS 0x0000000781300000, 0x0000000781300000| Untracked 
|  20|0x0000000781400000, 0x0000000781400000, 0x0000000781500000|  0%| F|  |TAMS 0x0000000781400000, 0x0000000781400000| Untracked 
|  21|0x0000000781500000, 0x0000000781500000, 0x0000000781600000|  0%| F|  |TAMS 0x0000000781500000, 0x0000000781500000| Untracked 
|  22|0x0000000781600000, 0x0000000781600000, 0x0000000781700000|  0%| F|  |TAMS 0x0000000781600000, 0x0000000781600000| Untracked 
|  23|0x0000000781700000, 0x0000000781700000, 0x0000000781800000|  0%| F|  |TAMS 0x0000000781700000, 0x0000000781700000| Untracked 
|  24|0x0000000781800000, 0x0000000781800000, 0x0000000781900000|  0%| F|  |TAMS 0x0000000781800000, 0x0000000781800000| Untracked 
|  25|0x0000000781900000, 0x0000000781900000, 0x0000000781a00000|  0%| F|  |TAMS 0x0000000781900000, 0x0000000781900000| Untracked 
|  26|0x0000000781a00000, 0x0000000781a00000, 0x0000000781b00000|  0%| F|  |TAMS 0x0000000781a00000, 0x0000000781a00000| Untracked 
|  27|0x0000000781b00000, 0x0000000781b00000, 0x0000000781c00000|  0%| F|  |TAMS 0x0000000781b00000, 0x0000000781b00000| Untracked 
|  28|0x0000000781c00000, 0x0000000781c00000, 0x0000000781d00000|  0%| F|  |TAMS 0x0000000781c00000, 0x0000000781c00000| Untracked 
|  29|0x0000000781d00000, 0x0000000781d00000, 0x0000000781e00000|  0%| F|  |TAMS 0x0000000781d00000, 0x0000000781d00000| Untracked 
|  30|0x0000000781e00000, 0x0000000781e00000, 0x0000000781f00000|  0%| F|  |TAMS 0x0000000781e00000, 0x0000000781e00000| Untracked 
|  31|0x0000000781f00000, 0x0000000781f00000, 0x0000000782000000|  0%| F|  |TAMS 0x0000000781f00000, 0x0000000781f00000| Untracked 
|  32|0x0000000782000000, 0x0000000782000000, 0x0000000782100000|  0%| F|  |TAMS 0x0000000782000000, 0x0000000782000000| Untracked 
|  33|0x0000000782100000, 0x0000000782100000, 0x0000000782200000|  0%| F|  |TAMS 0x0000000782100000, 0x0000000782100000| Untracked 
|  34|0x0000000782200000, 0x0000000782200000, 0x0000000782300000|  0%| F|  |TAMS 0x0000000782200000, 0x0000000782200000| Untracked 
|  35|0x0000000782300000, 0x0000000782300000, 0x0000000782400000|  0%| F|  |TAMS 0x0000000782300000, 0x0000000782300000| Untracked 
|  36|0x0000000782400000, 0x0000000782400000, 0x0000000782500000|  0%| F|  |TAMS 0x0000000782400000, 0x0000000782400000| Untracked 
|  37|0x0000000782500000, 0x0000000782500000, 0x0000000782600000|  0%| F|  |TAMS 0x0000000782500000, 0x0000000782500000| Untracked 
|  38|0x0000000782600000, 0x0000000782600000, 0x0000000782700000|  0%| F|  |TAMS 0x0000000782600000, 0x0000000782600000| Untracked 
|  39|0x0000000782700000, 0x0000000782700000, 0x0000000782800000|  0%| F|  |TAMS 0x0000000782700000, 0x0000000782700000| Untracked 
|  40|0x0000000782800000, 0x0000000782800000, 0x0000000782900000|  0%| F|  |TAMS 0x0000000782800000, 0x0000000782800000| Untracked 
|  41|0x0000000782900000, 0x0000000782900000, 0x0000000782a00000|  0%| F|  |TAMS 0x0000000782900000, 0x0000000782900000| Untracked 
|  42|0x0000000782a00000, 0x0000000782a00000, 0x0000000782b00000|  0%| F|  |TAMS 0x0000000782a00000, 0x0000000782a00000| Untracked 
|  43|0x0000000782b00000, 0x0000000782b00000, 0x0000000782c00000|  0%| F|  |TAMS 0x0000000782b00000, 0x0000000782b00000| Untracked 
|  44|0x0000000782c00000, 0x0000000782c00000, 0x0000000782d00000|  0%| F|  |TAMS 0x0000000782c00000, 0x0000000782c00000| Untracked 
|  45|0x0000000782d00000, 0x0000000782d00000, 0x0000000782e00000|  0%| F|  |TAMS 0x0000000782d00000, 0x0000000782d00000| Untracked 
|  46|0x0000000782e00000, 0x0000000782e00000, 0x0000000782f00000|  0%| F|  |TAMS 0x0000000782e00000, 0x0000000782e00000| Untracked 
|  47|0x0000000782f00000, 0x0000000782f00000, 0x0000000783000000|  0%| F|  |TAMS 0x0000000782f00000, 0x0000000782f00000| Untracked 
|  48|0x0000000783000000, 0x0000000783000000, 0x0000000783100000|  0%| F|  |TAMS 0x0000000783000000, 0x0000000783000000| Untracked 
|  49|0x0000000783100000, 0x0000000783100000, 0x0000000783200000|  0%| F|  |TAMS 0x0000000783100000, 0x0000000783100000| Untracked 
|  50|0x0000000783200000, 0x0000000783200000, 0x0000000783300000|  0%| F|  |TAMS 0x0000000783200000, 0x0000000783200000| Untracked 
|  51|0x0000000783300000, 0x0000000783300000, 0x0000000783400000|  0%| F|  |TAMS 0x0000000783300000, 0x0000000783300000| Untracked 
|  52|0x0000000783400000, 0x0000000783400000, 0x0000000783500000|  0%| F|  |TAMS 0x0000000783400000, 0x0000000783400000| Untracked 
|  53|0x0000000783500000, 0x0000000783500000, 0x0000000783600000|  0%| F|  |TAMS 0x0000000783500000, 0x0000000783500000| Untracked 
|  54|0x0000000783600000, 0x0000000783600000, 0x0000000783700000|  0%| F|  |TAMS 0x0000000783600000, 0x0000000783600000| Untracked 
|  55|0x0000000783700000, 0x0000000783700000, 0x0000000783800000|  0%| F|  |TAMS 0x0000000783700000, 0x0000000783700000| Untracked 
|  56|0x0000000783800000, 0x0000000783900000, 0x0000000783900000|100%|HS|  |TAMS 0x0000000783900000, 0x0000000783800000| Complete 
|  57|0x0000000783900000, 0x0000000783a00000, 0x0000000783a00000|100%|HC|  |TAMS 0x0000000783a00000, 0x0000000783900000| Complete 
|  58|0x0000000783a00000, 0x0000000783b00000, 0x0000000783b00000|100%| O|  |TAMS 0x0000000783b00000, 0x0000000783a00000| Untracked 
|  59|0x0000000783b00000, 0x0000000783c00000, 0x0000000783c00000|100%| O|  |TAMS 0x0000000783c00000, 0x0000000783b00000| Untracked 
|  60|0x0000000783c00000, 0x0000000783d00000, 0x0000000783d00000|100%| O|  |TAMS 0x0000000783d00000, 0x0000000783c00000| Untracked 
|  61|0x0000000783d00000, 0x0000000783dad400, 0x0000000783e00000| 67%| O|  |TAMS 0x0000000783dad400, 0x0000000783d00000| Untracked 
|  62|0x0000000783e00000, 0x0000000783e00000, 0x0000000783f00000|  0%| F|  |TAMS 0x0000000783e00000, 0x0000000783e00000| Untracked 
|  63|0x0000000783f00000, 0x0000000783f00000, 0x0000000784000000|  0%| F|  |TAMS 0x0000000783f00000, 0x0000000783f00000| Untracked 
|  64|0x0000000784000000, 0x0000000784000000, 0x0000000784100000|  0%| F|  |TAMS 0x0000000784000000, 0x0000000784000000| Untracked 
|  65|0x0000000784100000, 0x0000000784100000, 0x0000000784200000|  0%| F|  |TAMS 0x0000000784100000, 0x0000000784100000| Untracked 
|  66|0x0000000784200000, 0x0000000784200000, 0x0000000784300000|  0%| F|  |TAMS 0x0000000784200000, 0x0000000784200000| Untracked 
|  67|0x0000000784300000, 0x0000000784300000, 0x0000000784400000|  0%| F|  |TAMS 0x0000000784300000, 0x0000000784300000| Untracked 
|  68|0x0000000784400000, 0x0000000784400000, 0x0000000784500000|  0%| F|  |TAMS 0x0000000784400000, 0x0000000784400000| Untracked 
|  69|0x0000000784500000, 0x0000000784500000, 0x0000000784600000|  0%| F|  |TAMS 0x0000000784500000, 0x0000000784500000| Untracked 
|  70|0x0000000784600000, 0x0000000784600000, 0x0000000784700000|  0%| F|  |TAMS 0x0000000784600000, 0x0000000784600000| Untracked 
|  71|0x0000000784700000, 0x0000000784700000, 0x0000000784800000|  0%| F|  |TAMS 0x0000000784700000, 0x0000000784700000| Untracked 
|  72|0x0000000784800000, 0x0000000784800000, 0x0000000784900000|  0%| F|  |TAMS 0x0000000784800000, 0x0000000784800000| Untracked 
|  73|0x0000000784900000, 0x0000000784900000, 0x0000000784a00000|  0%| F|  |TAMS 0x0000000784900000, 0x0000000784900000| Untracked 
|  74|0x0000000784a00000, 0x0000000784a00000, 0x0000000784b00000|  0%| F|  |TAMS 0x0000000784a00000, 0x0000000784a00000| Untracked 
|  75|0x0000000784b00000, 0x0000000784bbdb40, 0x0000000784c00000| 74%| S|CS|TAMS 0x0000000784b00000, 0x0000000784b00000| Complete 
|  76|0x0000000784c00000, 0x0000000784d00000, 0x0000000784d00000|100%| S|CS|TAMS 0x0000000784c00000, 0x0000000784c00000| Complete 
|  77|0x0000000784d00000, 0x0000000784d00000, 0x0000000784e00000|  0%| F|  |TAMS 0x0000000784d00000, 0x0000000784d00000| Untracked 
|  78|0x0000000784e00000, 0x0000000784e00000, 0x0000000784f00000|  0%| F|  |TAMS 0x0000000784e00000, 0x0000000784e00000| Untracked 
|  79|0x0000000784f00000, 0x0000000784f00000, 0x0000000785000000|  0%| F|  |TAMS 0x0000000784f00000, 0x0000000784f00000| Untracked 
|  80|0x0000000785000000, 0x0000000785000000, 0x0000000785100000|  0%| F|  |TAMS 0x0000000785000000, 0x0000000785000000| Untracked 
|  81|0x0000000785100000, 0x0000000785100000, 0x0000000785200000|  0%| F|  |TAMS 0x0000000785100000, 0x0000000785100000| Untracked 
|  82|0x0000000785200000, 0x0000000785200000, 0x0000000785300000|  0%| F|  |TAMS 0x0000000785200000, 0x0000000785200000| Untracked 
|  83|0x0000000785300000, 0x0000000785300000, 0x0000000785400000|  0%| F|  |TAMS 0x0000000785300000, 0x0000000785300000| Untracked 
|  84|0x0000000785400000, 0x0000000785400000, 0x0000000785500000|  0%| F|  |TAMS 0x0000000785400000, 0x0000000785400000| Untracked 
|  85|0x0000000785500000, 0x0000000785500000, 0x0000000785600000|  0%| F|  |TAMS 0x0000000785500000, 0x0000000785500000| Untracked 
|  86|0x0000000785600000, 0x0000000785600000, 0x0000000785700000|  0%| F|  |TAMS 0x0000000785600000, 0x0000000785600000| Untracked 
|  87|0x0000000785700000, 0x0000000785700000, 0x0000000785800000|  0%| F|  |TAMS 0x0000000785700000, 0x0000000785700000| Untracked 
|  88|0x0000000785800000, 0x0000000785800000, 0x0000000785900000|  0%| F|  |TAMS 0x0000000785800000, 0x0000000785800000| Untracked 
|  89|0x0000000785900000, 0x0000000785900000, 0x0000000785a00000|  0%| F|  |TAMS 0x0000000785900000, 0x0000000785900000| Untracked 
|  90|0x0000000785a00000, 0x0000000785a00000, 0x0000000785b00000|  0%| F|  |TAMS 0x0000000785a00000, 0x0000000785a00000| Untracked 
|  91|0x0000000785b00000, 0x0000000785b00000, 0x0000000785c00000|  0%| F|  |TAMS 0x0000000785b00000, 0x0000000785b00000| Untracked 
|  92|0x0000000785c00000, 0x0000000785c00000, 0x0000000785d00000|  0%| F|  |TAMS 0x0000000785c00000, 0x0000000785c00000| Untracked 
|  93|0x0000000785d00000, 0x0000000785d80800, 0x0000000785e00000| 50%| E|  |TAMS 0x0000000785d00000, 0x0000000785d00000| Complete 
|  94|0x0000000785e00000, 0x0000000785f00000, 0x0000000785f00000|100%| E|CS|TAMS 0x0000000785e00000, 0x0000000785e00000| Complete 
|  95|0x0000000785f00000, 0x0000000786000000, 0x0000000786000000|100%| E|CS|TAMS 0x0000000785f00000, 0x0000000785f00000| Complete 
|  96|0x0000000786000000, 0x0000000786100000, 0x0000000786100000|100%| E|CS|TAMS 0x0000000786000000, 0x0000000786000000| Complete 
|  97|0x0000000786100000, 0x0000000786200000, 0x0000000786200000|100%| E|CS|TAMS 0x0000000786100000, 0x0000000786100000| Complete 
|  98|0x0000000786200000, 0x0000000786300000, 0x0000000786300000|100%| E|CS|TAMS 0x0000000786200000, 0x0000000786200000| Complete 
|  99|0x0000000786300000, 0x0000000786400000, 0x0000000786400000|100%| E|CS|TAMS 0x0000000786300000, 0x0000000786300000| Complete 
| 100|0x0000000786400000, 0x0000000786500000, 0x0000000786500000|100%| E|CS|TAMS 0x0000000786400000, 0x0000000786400000| Complete 
| 101|0x0000000786500000, 0x0000000786600000, 0x0000000786600000|100%| E|CS|TAMS 0x0000000786500000, 0x0000000786500000| Complete 
| 102|0x0000000786600000, 0x0000000786700000, 0x0000000786700000|100%| E|CS|TAMS 0x0000000786600000, 0x0000000786600000| Complete 
| 103|0x0000000786700000, 0x0000000786800000, 0x0000000786800000|100%| E|CS|TAMS 0x0000000786700000, 0x0000000786700000| Complete 
| 104|0x0000000786800000, 0x0000000786900000, 0x0000000786900000|100%| E|CS|TAMS 0x0000000786800000, 0x0000000786800000| Complete 
| 105|0x0000000786900000, 0x0000000786a00000, 0x0000000786a00000|100%| E|CS|TAMS 0x0000000786900000, 0x0000000786900000| Complete 
| 106|0x0000000786a00000, 0x0000000786b00000, 0x0000000786b00000|100%| E|CS|TAMS 0x0000000786a00000, 0x0000000786a00000| Complete 
| 107|0x0000000786b00000, 0x0000000786c00000, 0x0000000786c00000|100%| E|CS|TAMS 0x0000000786b00000, 0x0000000786b00000| Complete 
| 108|0x0000000786c00000, 0x0000000786d00000, 0x0000000786d00000|100%| E|CS|TAMS 0x0000000786c00000, 0x0000000786c00000| Complete 
| 109|0x0000000786d00000, 0x0000000786e00000, 0x0000000786e00000|100%| E|CS|TAMS 0x0000000786d00000, 0x0000000786d00000| Complete 
| 110|0x0000000786e00000, 0x0000000786f00000, 0x0000000786f00000|100%| E|CS|TAMS 0x0000000786e00000, 0x0000000786e00000| Complete 
| 111|0x0000000786f00000, 0x0000000787000000, 0x0000000787000000|100%| E|CS|TAMS 0x0000000786f00000, 0x0000000786f00000| Complete 
| 112|0x0000000787000000, 0x0000000787100000, 0x0000000787100000|100%| E|CS|TAMS 0x0000000787000000, 0x0000000787000000| Complete 
| 113|0x0000000787100000, 0x0000000787200000, 0x0000000787200000|100%| E|CS|TAMS 0x0000000787100000, 0x0000000787100000| Complete 
| 114|0x0000000787200000, 0x0000000787300000, 0x0000000787300000|100%| E|CS|TAMS 0x0000000787200000, 0x0000000787200000| Complete 
| 115|0x0000000787300000, 0x0000000787400000, 0x0000000787400000|100%| E|CS|TAMS 0x0000000787300000, 0x0000000787300000| Complete 
| 116|0x0000000787400000, 0x0000000787500000, 0x0000000787500000|100%| E|CS|TAMS 0x0000000787400000, 0x0000000787400000| Complete 
| 117|0x0000000787500000, 0x0000000787600000, 0x0000000787600000|100%| E|CS|TAMS 0x0000000787500000, 0x0000000787500000| Complete 
| 118|0x0000000787600000, 0x0000000787700000, 0x0000000787700000|100%| E|CS|TAMS 0x0000000787600000, 0x0000000787600000| Complete 
| 119|0x0000000787700000, 0x0000000787800000, 0x0000000787800000|100%| E|CS|TAMS 0x0000000787700000, 0x0000000787700000| Complete 
| 120|0x0000000787800000, 0x0000000787900000, 0x0000000787900000|100%| E|CS|TAMS 0x0000000787800000, 0x0000000787800000| Complete 
| 121|0x0000000787900000, 0x0000000787a00000, 0x0000000787a00000|100%| E|CS|TAMS 0x0000000787900000, 0x0000000787900000| Complete 
| 122|0x0000000787a00000, 0x0000000787b00000, 0x0000000787b00000|100%| E|CS|TAMS 0x0000000787a00000, 0x0000000787a00000| Complete 
| 123|0x0000000787b00000, 0x0000000787c00000, 0x0000000787c00000|100%| E|CS|TAMS 0x0000000787b00000, 0x0000000787b00000| Complete 
| 124|0x0000000787c00000, 0x0000000787d00000, 0x0000000787d00000|100%| E|CS|TAMS 0x0000000787c00000, 0x0000000787c00000| Complete 
| 125|0x0000000787d00000, 0x0000000787e00000, 0x0000000787e00000|100%| E|CS|TAMS 0x0000000787d00000, 0x0000000787d00000| Complete 
| 126|0x0000000787e00000, 0x0000000787f00000, 0x0000000787f00000|100%| E|CS|TAMS 0x0000000787e00000, 0x0000000787e00000| Complete 
| 127|0x0000000787f00000, 0x0000000788000000, 0x0000000788000000|100%| E|CS|TAMS 0x0000000787f00000, 0x0000000787f00000| Complete 

Card table byte_map: [0x0000000109a00000,0x0000000109e00000] _byte_map_base: 0x0000000105e00000

Marking Bits (Prev, Next): (CMBitMap*) 0x00007fafde825618, (CMBitMap*) 0x00007fafde825650
 Prev Bits: [0x0000000121b1e000, 0x0000000123b1e000)
 Next Bits: [0x0000000123b1e000, 0x0000000125b1e000)

Polling page: 0x000000010934b000

Metaspace:

Usage:
  Non-class:     27.25 MB capacity,    26.46 MB ( 97%) used,   661.55 KB (  2%) free+waste,   155.12 KB ( <1%) overhead. 
      Class:      4.43 MB capacity,     3.87 MB ( 87%) used,   498.14 KB ( 11%) free+waste,    80.56 KB (  2%) overhead. 
       Both:     31.68 MB capacity,    30.32 MB ( 96%) used,     1.13 MB (  4%) free+waste,   235.69 KB ( <1%) overhead. 

Virtual space:
  Non-class space:       28.00 MB reserved,      27.50 MB ( 98%) committed 
      Class space:        1.00 GB reserved,       4.50 MB ( <1%) committed 
             Both:        1.03 GB reserved,      32.00 MB (  3%) committed 

Chunk freelists:
   Non-Class:  3.12 KB
       Class:  896 bytes
        Both:  4.00 KB

CodeHeap 'non-profiled nmethods': size=120032Kb used=3454Kb max_used=3454Kb free=116577Kb
 bounds [0x000000011a1e6000, 0x000000011a546000, 0x000000012171e000]
CodeHeap 'profiled nmethods': size=120028Kb used=11776Kb max_used=11776Kb free=108252Kb
 bounds [0x0000000112caf000, 0x000000011382f000, 0x000000011a1e6000]
CodeHeap 'non-nmethods': size=5700Kb used=1368Kb max_used=1410Kb free=4331Kb
 bounds [0x000000011271e000, 0x000000011298e000, 0x0000000112caf000]
 total_blobs=6395 nmethods=5569 adapters=738
 compilation: enabled
              stopped_count=0, restarted_count=0
 full_count=0

Compilation events (10 events):
Event: 49.079 Thread 0x00007fafe0819800 5625       4       javafx.scene.layout.Region::doUpdatePeer (536 bytes)
Event: 49.256 Thread 0x00007fafe0819800 nmethod 5625 0x000000011a540890 code [0x000000011a540b60, 0x000000011a5420a0]
Event: 49.267 Thread 0x00007fafe0819800 5626       4       javafx.scene.layout.Region::computeYOffset (64 bytes)
Event: 49.269 Thread 0x00007fafe0819800 nmethod 5626 0x000000011a542f10 code [0x000000011a5430c0, 0x000000011a543178]
Event: 49.592 Thread 0x00007fafe0819800 5627       4       javafx.scene.layout.Region::position (148 bytes)
Event: 49.641 Thread 0x00007fafe0819800 nmethod 5627 0x000000011a543290 code [0x000000011a543500, 0x000000011a544228]
Event: 50.396 Thread 0x00007fafe0819800 5628       4       com.sun.glass.ui.Screen::hashCode (248 bytes)
Event: 50.406 Thread 0x00007fafe0819800 nmethod 5628 0x000000011a544f90 code [0x000000011a545140, 0x000000011a545478]
Event: 50.664 Thread 0x00007fafe0819800 5629       4       javafx.scene.Node::syncPeer (43 bytes)
Event: 50.669 Thread 0x00007fafe0819800 nmethod 5629 0x000000011a545590 code [0x000000011a545740, 0x000000011a5458b8]

GC Heap History (10 events):
Event: 0.993 GC heap before
{Heap before GC invocations=0 (full 0):
 garbage-first heap   total 131072K, used 23552K [0x0000000780000000, 0x0000000800000000)
  region size 1024K, 24 young (24576K), 0 survivors (0K)
 Metaspace       used 12204K, capacity 12600K, committed 12928K, reserved 1060864K
  class space    used 1199K, capacity 1373K, committed 1408K, reserved 1048576K
}
Event: 0.997 GC heap after
{Heap after GC invocations=1 (full 0):
 garbage-first heap   total 131072K, used 3587K [0x0000000780000000, 0x0000000800000000)
  region size 1024K, 3 young (3072K), 3 survivors (3072K)
 Metaspace       used 12204K, capacity 12600K, committed 12928K, reserved 1060864K
  class space    used 1199K, capacity 1373K, committed 1408K, reserved 1048576K
}
Event: 1.713 GC heap before
{Heap before GC invocations=1 (full 0):
 garbage-first heap   total 131072K, used 32259K [0x0000000780000000, 0x0000000800000000)
  region size 1024K, 32 young (32768K), 3 survivors (3072K)
 Metaspace       used 20608K, capacity 21121K, committed 21248K, reserved 1067008K
  class space    used 2495K, capacity 2731K, committed 2816K, reserved 1048576K
}
Event: 1.720 GC heap after
{Heap after GC invocations=2 (full 0):
 garbage-first heap   total 131072K, used 7683K [0x0000000780000000, 0x0000000800000000)
  region size 1024K, 7 young (7168K), 7 survivors (7168K)
 Metaspace       used 20608K, capacity 21121K, committed 21248K, reserved 1067008K
  class space    used 2495K, capacity 2731K, committed 2816K, reserved 1048576K
}
Event: 9.604 GC heap before
{Heap before GC invocations=3 (full 0):
 garbage-first heap   total 131072K, used 46595K [0x0000000780000000, 0x0000000800000000)
  region size 1024K, 44 young (45056K), 7 survivors (7168K)
 Metaspace       used 29521K, capacity 30877K, committed 31232K, reserved 1075200K
  class space    used 3923K, capacity 4491K, committed 4608K, reserved 1048576K
}
Event: 9.620 GC heap after
{Heap after GC invocations=4 (full 0):
 garbage-first heap   total 131072K, used 13995K [0x0000000780000000, 0x0000000800000000)
  region size 1024K, 5 young (5120K), 5 survivors (5120K)
 Metaspace       used 29521K, capacity 30877K, committed 31232K, reserved 1075200K
  class space    used 3923K, capacity 4491K, committed 4608K, reserved 1048576K
}
Event: 12.422 GC heap before
{Heap before GC invocations=4 (full 0):
 garbage-first heap   total 131072K, used 75435K [0x0000000780000000, 0x0000000800000000)
  region size 1024K, 18 young (18432K), 5 survivors (5120K)
 Metaspace       used 30575K, capacity 31909K, committed 32256K, reserved 1077248K
  class space    used 3953K, capacity 4531K, committed 4608K, reserved 1048576K
}
Event: 12.432 GC heap after
{Heap after GC invocations=5 (full 0):
 garbage-first heap   total 131072K, used 15579K [0x0000000780000000, 0x0000000800000000)
  region size 1024K, 2 young (2048K), 2 survivors (2048K)
 Metaspace       used 30575K, capacity 31909K, committed 32256K, reserved 1077248K
  class space    used 3953K, capacity 4531K, committed 4608K, reserved 1048576K
}
Event: 32.984 GC heap before
{Heap before GC invocations=6 (full 0):
 garbage-first heap   total 131072K, used 67803K [0x0000000780000000, 0x0000000800000000)
  region size 1024K, 51 young (52224K), 2 survivors (2048K)
 Metaspace       used 31046K, capacity 32444K, committed 32768K, reserved 1077248K
  class space    used 3958K, capacity 4537K, committed 4608K, reserved 1048576K
}
Event: 33.066 GC heap after
{Heap after GC invocations=7 (full 0):
 garbage-first heap   total 131072K, used 17835K [0x0000000780000000, 0x0000000800000000)
  region size 1024K, 2 young (2048K), 2 survivors (2048K)
 Metaspace       used 31046K, capacity 32444K, committed 32768K, reserved 1077248K
  class space    used 3958K, capacity 4537K, committed 4608K, reserved 1048576K
}

Deoptimization events (10 events):
Event: 13.677 Thread 0x00007fafdf8b4000 Uncommon trap: reason=unstable_if action=reinterpret pc=0x000000011a3a22c4 method=com.sun.javafx.geom.transform.AffineBase.translate(DD)V @ 375 c2
Event: 13.914 Thread 0x00007fafdf8b4000 Uncommon trap: reason=class_check action=maybe_recompile pc=0x000000011a4143e0 method=com.sun.javafx.sg.prism.NGNode.getContentBounds(Lcom/sun/javafx/geom/BaseBounds;Lcom/sun/javafx/geom/transform/BaseTransform;)Lcom/sun/javafx/geom/BaseBounds; @ 17 c2
Event: 22.471 Thread 0x00007fafdea16000 Uncommon trap: reason=array_check action=maybe_recompile pc=0x000000011a4c4ed8 method=javafx.css.CompoundSelector.applies(Ljavafx/css/Styleable;[Ljava/util/Set;I)Z @ 128 c2
Event: 22.471 Thread 0x00007fafdea16000 Uncommon trap: reason=array_check action=maybe_recompile pc=0x000000011a4c4ed8 method=javafx.css.CompoundSelector.applies(Ljavafx/css/Styleable;[Ljava/util/Set;I)Z @ 128 c2
Event: 22.471 Thread 0x00007fafdea16000 Uncommon trap: reason=array_check action=maybe_recompile pc=0x000000011a4c4ed8 method=javafx.css.CompoundSelector.applies(Ljavafx/css/Styleable;[Ljava/util/Set;I)Z @ 128 c2
Event: 22.472 Thread 0x00007fafdea16000 Uncommon trap: reason=array_check action=maybe_recompile pc=0x000000011a4c4ed8 method=javafx.css.CompoundSelector.applies(Ljavafx/css/Styleable;[Ljava/util/Set;I)Z @ 128 c2
Event: 24.780 Thread 0x00007fafdea16000 Uncommon trap: reason=profile_predicate action=maybe_recompile pc=0x000000011a4e520c method=javafx.scene.CssStyleHelper.transitionToState(Ljavafx/scene/Node;)V @ 286 c2
Event: 24.781 Thread 0x00007fafdea16000 Uncommon trap: reason=profile_predicate action=maybe_recompile pc=0x000000011a4e520c method=javafx.scene.CssStyleHelper.transitionToState(Ljavafx/scene/Node;)V @ 286 c2
Event: 24.798 Thread 0x00007fafdea16000 Uncommon trap: reason=profile_predicate action=maybe_recompile pc=0x000000011a4e520c method=javafx.scene.CssStyleHelper.transitionToState(Ljavafx/scene/Node;)V @ 286 c2
Event: 24.881 Thread 0x00007fafdea16000 Uncommon trap: reason=profile_predicate action=maybe_recompile pc=0x000000011a4e520c method=javafx.scene.CssStyleHelper.transitionToState(Ljavafx/scene/Node;)V @ 286 c2

Classes redefined (0 events):
No events

Internal exceptions (10 events):
Event: 3.091 Thread 0x00007fafdea16000 Exception <a 'java/lang/NoSuchMethodError'{0x000000078701b2e0}: java.lang.invoke.Invokers$Holder.linkToTargetMethod(Ljava/lang/Object;JLjava/lang/Object;)Ljava/lang/Object;> (0x000000078701b2e0) thrown at [./open/src/hotspot/share/interpreter/linkResolver
Event: 7.223 Thread 0x00007fafdea16000 Implicit null exception at 0x000000011a2bffec to 0x000000011a2c0030
Event: 8.312 Thread 0x00007fafdea16000 Exception <a 'java/lang/NoSuchMethodError'{0x0000000786ab7b50}: java.lang.invoke.DirectMethodHandle$Holder.invokeStatic(Ljava/lang/Object;Ljava/lang/Object;IIIIILjava/lang/Object;)Ljava/lang/Object;> (0x0000000786ab7b50) thrown at [./open/src/hotspot/shar
Event: 8.313 Thread 0x00007fafdea16000 Exception <a 'java/lang/NoSuchMethodError'{0x0000000786ac8500}: java.lang.invoke.DirectMethodHandle$Holder.invokeStatic(Ljava/lang/Object;Ljava/lang/Object;Ljava/lang/Object;IIIII)Ljava/lang/Object;> (0x0000000786ac8500) thrown at [./open/src/hotspot/shar
Event: 8.313 Thread 0x00007fafdea16000 Exception <a 'java/lang/NoSuchMethodError'{0x0000000786aced60}: java.lang.invoke.Invokers$Holder.linkToTargetMethod(Ljava/lang/Object;Ljava/lang/Object;IIIIILjava/lang/Object;)Ljava/lang/Object;> (0x0000000786aced60) thrown at [./open/src/hotspot/share/in
Event: 8.959 Thread 0x00007fafdf8b4000 Exception <a 'java/lang/NoSuchMethodError'{0x00000007870e1b00}: java.lang.invoke.DirectMethodHandle$Holder.invokeStaticInit(Ljava/lang/Object;I)Ljava/lang/Object;> (0x00000007870e1b00) thrown at [./open/src/hotspot/share/interpreter/linkResolver.cpp, line
Event: 9.454 Thread 0x00007fafdea16000 Exception <a 'java/lang/NoSuchMethodError'{0x000000078605e338}: java.lang.invoke.DirectMethodHandle$Holder.invokeSpecialIFC(Ljava/lang/Object;Ljava/lang/Object;Ljava/lang/Object;Ljava/lang/Object;)V> (0x000000078605e338) thrown at [./open/src/hotspot/shar
Event: 11.098 Thread 0x00007fafdea16000 Exception <a 'java/lang/NoSuchMethodError'{0x0000000787ccbc78}: java.lang.invoke.DirectMethodHandle$Holder.invokeVirtual(Ljava/lang/Object;Ljava/lang/Object;)I> (0x0000000787ccbc78) thrown at [./open/src/hotspot/share/interpreter/linkResolver.cpp, line 77
Event: 11.099 Thread 0x00007fafdea16000 Exception <a 'java/lang/NoSuchMethodError'{0x0000000787cd1b90}: java.lang.invoke.DirectMethodHandle$Holder.invokeVirtual(Ljava/lang/Object;Ljava/lang/Object;I)V> (0x0000000787cd1b90) thrown at [./open/src/hotspot/share/interpreter/linkResolver.cpp, line 7
Event: 11.127 Thread 0x00007fafdea16000 Implicit null exception at 0x000000011a322a0e to 0x000000011a322a60

Events (10 events):
Event: 24.798 Thread 0x00007fafdea16000 DEOPT UNPACKING pc=0x0000000112743925 sp=0x00007ff7b6ccc988 mode 2
Event: 24.881 Thread 0x00007fafdea16000 Uncommon trap: trap_request=0xffffffbe fr.pc=0x000000011a4e520c relative=0x000000000000472c
Event: 24.881 Thread 0x00007fafdea16000 DEOPT PACKING pc=0x000000011a4e520c sp=0x00007ff7b6ccca00
Event: 24.881 Thread 0x00007fafdea16000 DEOPT UNPACKING pc=0x0000000112743925 sp=0x00007ff7b6ccc988 mode 2
Event: 25.654 Executing VM operation: RevokeBias
Event: 25.654 Executing VM operation: RevokeBias done
Event: 32.984 Executing VM operation: G1CollectForAllocation
Event: 33.066 Executing VM operation: G1CollectForAllocation done
Event: 37.519 Thread 0x00007fafdf8b4000 DEOPT PACKING pc=0x00000001134d5627 sp=0x000070000d4e5400
Event: 37.519 Thread 0x00007fafdf8b4000 DEOPT UNPACKING pc=0x00000001127440ca sp=0x000070000d4e48f8 mode 0


Dynamic libraries:
0x000000010934d000 	/Library/Java/JavaVirtualMachines/jdk-11.0.14.jdk/Contents/Home/lib/jli/libjli.dylib
0x00007ff823de4000 	/System/Library/Frameworks/Cocoa.framework/Versions/A/Cocoa
0x00007ff80fa3c000 	/System/Library/Frameworks/AppKit.framework/Versions/C/AppKit
0x00007ff812f53000 	/System/Library/Frameworks/CoreData.framework/Versions/A/CoreData
0x00007ff80de3f000 	/System/Library/Frameworks/Foundation.framework/Versions/C/Foundation
0x00007ff817d75000 	/usr/lib/libSystem.B.dylib
0x00007ff8108cc000 	/System/Library/PrivateFrameworks/UIFoundation.framework/Versions/A/UIFoundation
0x00007ff81dce6000 	/System/Library/PrivateFrameworks/RemoteViewServices.framework/Versions/A/RemoteViewServices
0x00007ff815fc9000 	/System/Library/PrivateFrameworks/XCTTargetBootstrap.framework/Versions/A/XCTTargetBootstrap
0x00007ff819b7c000 	/System/Library/PrivateFrameworks/InternationalSupport.framework/Versions/A/InternationalSupport
0x00007ff819c06000 	/System/Library/PrivateFrameworks/UserActivity.framework/Versions/A/UserActivity
0x00007ff818f5c000 	/usr/lib/libspindump.dylib
0x00007ff810b5b000 	/System/Library/Frameworks/UniformTypeIdentifiers.framework/Versions/A/UniformTypeIdentifiers
0x00007ff8146ed000 	/usr/lib/libapp_launch_measurement.dylib
0x00007ff813925000 	/System/Library/PrivateFrameworks/CoreAnalytics.framework/Versions/A/CoreAnalytics
0x00007ff8146f0000 	/System/Library/PrivateFrameworks/CoreAutoLayout.framework/Versions/A/CoreAutoLayout
0x00007ff815920000 	/System/Library/Frameworks/Metal.framework/Versions/A/Metal
0x00007ff81664f000 	/usr/lib/liblangid.dylib
0x00007ff815fce000 	/System/Library/PrivateFrameworks/CoreSVG.framework/Versions/A/CoreSVG
0x00007ff811f47000 	/System/Library/PrivateFrameworks/SkyLight.framework/Versions/A/SkyLight
0x00007ff8122e6000 	/System/Library/Frameworks/CoreGraphics.framework/Versions/A/CoreGraphics
0x00007ff81e3a6000 	/System/Library/Frameworks/Accelerate.framework/Versions/A/Accelerate
0x00007ff8189db000 	/System/Library/PrivateFrameworks/IconServices.framework/Versions/A/IconServices
0x00007ff815905000 	/System/Library/Frameworks/IOSurface.framework/Versions/A/IOSurface
0x00007ff813953000 	/usr/lib/libDiagnosticMessagesClient.dylib
0x00007ff817c95000 	/usr/lib/libz.1.dylib
0x00007ff821a88000 	/System/Library/Frameworks/ApplicationServices.framework/Versions/A/ApplicationServices
0x00007ff815fb5000 	/System/Library/PrivateFrameworks/DFRFoundation.framework/Versions/A/DFRFoundation
0x00007ff80f324000 	/usr/lib/libicucore.A.dylib
0x00007ff81a972000 	/System/Library/Frameworks/AudioToolbox.framework/Versions/A/AudioToolbox
0x00007ff819b88000 	/System/Library/PrivateFrameworks/DataDetectorsCore.framework/Versions/A/DataDetectorsCore
0x00007ff916086000 	/System/Library/PrivateFrameworks/TextInput.framework/Versions/A/TextInput
0x00007ff811eca000 	/usr/lib/libMobileGestalt.dylib
0x00007ff815cc1000 	/System/Library/Frameworks/Carbon.framework/Versions/A/Frameworks/HIToolbox.framework/Versions/A/HIToolbox
0x00007ff8140f0000 	/System/Library/Frameworks/QuartzCore.framework/Versions/A/QuartzCore
0x00007ff80efc9000 	/System/Library/Frameworks/Security.framework/Versions/A/Security
0x00007ff81dd1e000 	/System/Library/Frameworks/Carbon.framework/Versions/A/Frameworks/SpeechRecognition.framework/Versions/A/SpeechRecognition
0x00007ff81444d000 	/System/Library/PrivateFrameworks/CoreUI.framework/Versions/A/CoreUI
0x00007ff80e893000 	/System/Library/Frameworks/CoreAudio.framework/Versions/A/CoreAudio
0x00007ff813a42000 	/System/Library/Frameworks/DiskArbitration.framework/Versions/A/DiskArbitration
0x00007ff81934a000 	/System/Library/PrivateFrameworks/MultitouchSupport.framework/Versions/A/MultitouchSupport
0x00007ff811ec9000 	/usr/lib/libenergytrace.dylib
0x00007ff80f928000 	/System/Library/Frameworks/IOKit.framework/Versions/A/IOKit
0x00007ff81e10e000 	/System/Library/Frameworks/CoreServices.framework/Versions/A/CoreServices
0x00007ff814687000 	/System/Library/PrivateFrameworks/PerformanceAnalysis.framework/Versions/A/PerformanceAnalysis
0x00007ffa25d68000 	/System/Library/Frameworks/OpenGL.framework/Versions/A/OpenGL
0x00007ff8172b1000 	/System/Library/PrivateFrameworks/MobileKeyBag.framework/Versions/A/MobileKeyBag
0x00007ff80ce09000 	/usr/lib/libobjc.A.dylib
0x00007ff8129b2000 	/System/Library/Frameworks/ColorSync.framework/Versions/A/ColorSync
0x00007ff80cfc3000 	/System/Library/Frameworks/CoreFoundation.framework/Versions/A/CoreFoundation
0x00007ff816245000 	/System/Library/Frameworks/CoreImage.framework/Versions/A/CoreImage
0x00007ff80e6a7000 	/System/Library/Frameworks/CoreText.framework/Versions/A/CoreText
0x00007ff815ffe000 	/System/Library/Frameworks/ImageIO.framework/Versions/A/ImageIO
0x00007ff817d7b000 	/System/Library/PrivateFrameworks/SoftLinking.framework/Versions/A/SoftLinking
0x00007ff814738000 	/usr/lib/libxml2.2.dylib
0x00007ff80cecf000 	/usr/lib/libc++.1.dylib
0x00007ff817fff000 	/usr/lib/libcompression.dylib
0x00007ff819aaf000 	/System/Library/PrivateFrameworks/TextureIO.framework/Versions/A/TextureIO
0x00007ff8186ed000 	/usr/lib/libate.dylib
0x00007ff817d70000 	/usr/lib/system/libcache.dylib
0x00007ff817d2c000 	/usr/lib/system/libcommonCrypto.dylib
0x00007ff817d55000 	/usr/lib/system/libcompiler_rt.dylib
0x00007ff817d4b000 	/usr/lib/system/libcopyfile.dylib
0x00007ff80cd04000 	/usr/lib/system/libcorecrypto.dylib
0x00007ff80cdc2000 	/usr/lib/system/libdispatch.dylib
0x00007ff80cf82000 	/usr/lib/system/libdyld.dylib
0x00007ff817d67000 	/usr/lib/system/libkeymgr.dylib
0x00007ff817d0a000 	/usr/lib/system/libmacho.dylib
0x00007ff81738b000 	/usr/lib/system/libquarantine.dylib
0x00007ff817d65000 	/usr/lib/system/libremovefile.dylib
0x00007ff811f17000 	/usr/lib/system/libsystem_asl.dylib
0x00007ff80ccad000 	/usr/lib/system/libsystem_blocks.dylib
0x00007ff80ce46000 	/usr/lib/system/libsystem_c.dylib
0x00007ff817d5d000 	/usr/lib/system/libsystem_collections.dylib
0x00007ff81663f000 	/usr/lib/system/libsystem_configuration.dylib
0x00007ff8158e8000 	/usr/lib/system/libsystem_containermanager.dylib
0x00007ff817a42000 	/usr/lib/system/libsystem_coreservices.dylib
0x00007ff80f5b8000 	/usr/lib/system/libsystem_darwin.dylib
0x00007ff817d68000 	/usr/lib/system/libsystem_dnssd.dylib
0x00007ff80ce43000 	/usr/lib/system/libsystem_featureflags.dylib
0x00007ff80cf98000 	/usr/lib/system/libsystem_info.dylib
0x00007ff817ca8000 	/usr/lib/system/libsystem_m.dylib
0x00007ff80cd96000 	/usr/lib/system/libsystem_malloc.dylib
0x00007ff811eb2000 	/usr/lib/system/libsystem_networkextension.dylib
0x00007ff80f9de000 	/usr/lib/system/libsystem_notify.dylib
0x00007ff81dfe3000 	/usr/lib/system/libsystem_product_info_filter.dylib
0x00007ff816643000 	/usr/lib/system/libsystem_sandbox.dylib
0x00007ff817d62000 	/usr/lib/system/libsystem_secinit.dylib
0x00007ff80cf3e000 	/usr/lib/system/libsystem_kernel.dylib
0x00007ff80cf8e000 	/usr/lib/system/libsystem_platform.dylib
0x00007ff80cf76000 	/usr/lib/system/libsystem_pthread.dylib
0x00007ff813765000 	/usr/lib/system/libsystem_symptoms.dylib
0x00007ff80cceb000 	/usr/lib/system/libsystem_trace.dylib
0x00007ff817d38000 	/usr/lib/system/libunwind.dylib
0x00007ff80ccaf000 	/usr/lib/system/libxpc.dylib
0x00007ff80cf28000 	/usr/lib/libc++abi.dylib
0x00007ff817d43000 	/usr/lib/liboah.dylib
0x00007ff8184c9000 	/usr/lib/liblzma.5.dylib
0x00007ff80db51000 	/System/Library/Frameworks/SystemConfiguration.framework/Versions/A/SystemConfiguration
0x00007ff817d77000 	/usr/lib/libfakelink.dylib
0x00007ff811a22000 	/System/Library/Frameworks/CFNetwork.framework/Versions/A/CFNetwork
0x00007ff817eb8000 	/usr/lib/libarchive.2.dylib
0x00007ff81664b000 	/System/Library/PrivateFrameworks/AppleSystemInfo.framework/Versions/A/AppleSystemInfo
0x00007ff8173b2000 	/usr/lib/libbsm.0.dylib
0x00007ff811031000 	/usr/lib/libnetwork.dylib
0x00007ff817d10000 	/usr/lib/system/libkxld.dylib
0x00007ff816fe5000 	/System/Library/PrivateFrameworks/IOMobileFramebuffer.framework/Versions/A/IOMobileFramebuffer
0x00007ffb25732000 	/usr/lib/libCoreEntitlements.dylib
0x00007ff817a24000 	/System/Library/PrivateFrameworks/AppleFSCompression.framework/Versions/A/AppleFSCompression
0x00007ff81739a000 	/usr/lib/libcoretls.dylib
0x00007ff8184e3000 	/usr/lib/libcoretls_cfhelpers.dylib
0x00007ff817ffa000 	/usr/lib/libpam.2.dylib
0x00007ff813384000 	/usr/lib/libsqlite3.dylib
0x00007ff818552000 	/usr/lib/libxar.1.dylib
0x00007ff817a34000 	/usr/lib/libbz2.1.0.dylib
0x00007ff817d7c000 	/usr/lib/libpcap.A.dylib
0x00007ff81375d000 	/usr/lib/libdns_services.dylib
0x00007ff817fca000 	/usr/lib/libapple_nghttp2.dylib
0x00007ff817db6000 	/usr/lib/libiconv.2.dylib
0x00007ff817d09000 	/usr/lib/libcharset.1.dylib
0x00007ff8146bb000 	/System/Library/Frameworks/CoreServices.framework/Versions/A/Frameworks/FSEvents.framework/Versions/A/FSEvents
0x00007ff80f5c2000 	/System/Library/Frameworks/CoreServices.framework/Versions/A/Frameworks/CarbonCore.framework/Versions/A/CarbonCore
0x00007ff8139a6000 	/System/Library/Frameworks/CoreServices.framework/Versions/A/Frameworks/Metadata.framework/Versions/A/Metadata
0x00007ff817a47000 	/System/Library/Frameworks/CoreServices.framework/Versions/A/Frameworks/OSServices.framework/Versions/A/OSServices
0x00007ff817f3f000 	/System/Library/Frameworks/CoreServices.framework/Versions/A/Frameworks/SearchKit.framework/Versions/A/SearchKit
0x00007ff8136ef000 	/System/Library/Frameworks/CoreServices.framework/Versions/A/Frameworks/AE.framework/Versions/A/AE
0x00007ff80d4c6000 	/System/Library/Frameworks/CoreServices.framework/Versions/A/Frameworks/LaunchServices.framework/Versions/A/LaunchServices
0x00007ff81847a000 	/System/Library/Frameworks/CoreServices.framework/Versions/A/Frameworks/DictionaryServices.framework/Versions/A/DictionaryServices
0x00007ff8146c8000 	/System/Library/Frameworks/CoreServices.framework/Versions/A/Frameworks/SharedFileList.framework/Versions/A/SharedFileList
0x00007ff81738e000 	/usr/lib/libCheckFix.dylib
0x00007ff811f2e000 	/System/Library/PrivateFrameworks/TCC.framework/Versions/A/TCC
0x00007ff816651000 	/System/Library/PrivateFrameworks/CoreNLP.framework/Versions/A/CoreNLP
0x00007ff813956000 	/System/Library/PrivateFrameworks/MetadataUtilities.framework/Versions/A/MetadataUtilities
0x00007ff80dc02000 	/usr/lib/libmecabra.dylib
0x00007ff8173c2000 	/usr/lib/libmecab.dylib
0x00007ff80dbcd000 	/usr/lib/libCRFSuite.dylib
0x00007ff81741c000 	/usr/lib/libgermantok.dylib
0x00007ff817fa5000 	/usr/lib/libThaiTokenizer.dylib
0x00007ff813a49000 	/System/Library/Frameworks/Accelerate.framework/Versions/A/Frameworks/vImage.framework/Versions/A/vImage
0x00007ff81e0e5000 	/System/Library/Frameworks/Accelerate.framework/Versions/A/Frameworks/vecLib.framework/Versions/A/vecLib
0x00007ff818593000 	/System/Library/Frameworks/Accelerate.framework/Versions/A/Frameworks/vecLib.framework/Versions/A/libvMisc.dylib
0x00007ff816e10000 	/System/Library/Frameworks/Accelerate.framework/Versions/A/Frameworks/vecLib.framework/Versions/A/libvDSP.dylib
0x00007ff80d841000 	/System/Library/Frameworks/Accelerate.framework/Versions/A/Frameworks/vecLib.framework/Versions/A/libBLAS.dylib
0x00007ff8180dc000 	/System/Library/Frameworks/Accelerate.framework/Versions/A/Frameworks/vecLib.framework/Versions/A/libLAPACK.dylib
0x00007ff81741f000 	/System/Library/Frameworks/Accelerate.framework/Versions/A/Frameworks/vecLib.framework/Versions/A/libLinearAlgebra.dylib
0x00007ff817fe2000 	/System/Library/Frameworks/Accelerate.framework/Versions/A/Frameworks/vecLib.framework/Versions/A/libSparseBLAS.dylib
0x00007ff8180d6000 	/System/Library/Frameworks/Accelerate.framework/Versions/A/Frameworks/vecLib.framework/Versions/A/libQuadrature.dylib
0x00007ff81673c000 	/System/Library/Frameworks/Accelerate.framework/Versions/A/Frameworks/vecLib.framework/Versions/A/libBNNS.dylib
0x00007ff80dadb000 	/System/Library/Frameworks/Accelerate.framework/Versions/A/Frameworks/vecLib.framework/Versions/A/libSparse.dylib
0x00007ff816735000 	/System/Library/PrivateFrameworks/LinguisticData.framework/Versions/A/LinguisticData
0x00007ff80da91000 	/System/Library/PrivateFrameworks/Lexicon.framework/Versions/A/Lexicon
0x00007ff81858c000 	/usr/lib/libChineseTokenizer.dylib
0x00007ff80e1fc000 	/System/Library/PrivateFrameworks/LanguageModeling.framework/Versions/A/LanguageModeling
0x00007ff817fa7000 	/System/Library/PrivateFrameworks/AppleSauce.framework/Versions/A/AppleSauce
0x00007ff816fd3000 	/System/Library/PrivateFrameworks/CoreEmoji.framework/Versions/A/CoreEmoji
0x00007ff817ea7000 	/usr/lib/libcmph.dylib
0x00007ff81469f000 	/System/Library/Frameworks/OpenDirectory.framework/Versions/A/Frameworks/CFOpenDirectory.framework/Versions/A/CFOpenDirectory
0x00007ff814693000 	/System/Library/Frameworks/OpenDirectory.framework/Versions/A/OpenDirectory
0x00007ff8184e5000 	/System/Library/PrivateFrameworks/APFS.framework/Versions/A/APFS
0x00007ff8172e9000 	/System/Library/Frameworks/SecurityFoundation.framework/Versions/A/SecurityFoundation
0x00007ff818560000 	/usr/lib/libutil.dylib
0x00007ff80f8ec000 	/System/Library/PrivateFrameworks/CoreServicesStore.framework/Versions/A/CoreServicesStore
0x00007ff818564000 	/usr/lib/libxslt.1.dylib
0x00007ff817376000 	/System/Library/PrivateFrameworks/BackgroundTaskManagement.framework/Versions/A/BackgroundTaskManagement
0x00007ff8199cf000 	/System/Library/Frameworks/ImageIO.framework/Versions/A/Resources/libRadiance.dylib
0x00007ff8199d8000 	/System/Library/Frameworks/ImageIO.framework/Versions/A/Resources/libJPEG.dylib
0x00007ff819929000 	/System/Library/Frameworks/ImageIO.framework/Versions/A/Resources/libPng.dylib
0x00007ff81994a000 	/System/Library/Frameworks/ImageIO.framework/Versions/A/Resources/libTIFF.dylib
0x00007ff819a38000 	/System/Library/Frameworks/ImageIO.framework/Versions/A/Resources/libGIF.dylib
0x00007ff819264000 	/System/Library/Frameworks/ImageIO.framework/Versions/A/Resources/libJP2.dylib
0x00007ff8189a2000 	/usr/lib/libexpat.1.dylib
0x00007ff819219000 	/System/Library/PrivateFrameworks/AppleJPEG.framework/Versions/A/AppleJPEG
0x00007ff815b85000 	/System/Library/PrivateFrameworks/FontServices.framework/libFontParser.dylib
0x00007ff813699000 	/System/Library/PrivateFrameworks/RunningBoardServices.framework/Versions/A/RunningBoardServices
0x00007ff82439f000 	/System/Library/PrivateFrameworks/IOSurfaceAccelerator.framework/Versions/A/IOSurfaceAccelerator
0x00007ff819346000 	/System/Library/PrivateFrameworks/WatchdogClient.framework/Versions/A/WatchdogClient
0x00007ff80e2ea000 	/System/Library/Frameworks/CoreDisplay.framework/Versions/A/CoreDisplay
0x00007ff815a83000 	/System/Library/Frameworks/CoreMedia.framework/Versions/A/CoreMedia
0x00007ff815917000 	/System/Library/PrivateFrameworks/IOAccelerator.framework/Versions/A/IOAccelerator
0x00007ff81481c000 	/System/Library/Frameworks/CoreVideo.framework/Versions/A/CoreVideo
0x00007ff817ff8000 	/System/Library/Frameworks/MetalPerformanceShaders.framework/Versions/A/MetalPerformanceShaders
0x00007ff819383000 	/System/Library/Frameworks/VideoToolbox.framework/Versions/A/VideoToolbox
0x00007ff8135e3000 	/System/Library/PrivateFrameworks/BaseBoard.framework/Versions/A/BaseBoard
0x00007ff81336a000 	/System/Library/PrivateFrameworks/ProtocolBuffer.framework/Versions/A/ProtocolBuffer
0x00007ff8199c8000 	/System/Library/PrivateFrameworks/GPUWrangler.framework/Versions/A/GPUWrangler
0x00007ff8199ac000 	/System/Library/PrivateFrameworks/IOPresentment.framework/Versions/A/IOPresentment
0x00007ff8199d2000 	/System/Library/PrivateFrameworks/DSExternalDisplay.framework/Versions/A/DSExternalDisplay
0x00007ffa25d5c000 	/System/Library/Frameworks/OpenGL.framework/Versions/A/Libraries/libCoreFSCache.dylib
0x00007ffb12e33000 	/System/Library/PrivateFrameworks/GPUCompiler.framework/Versions/31001/Libraries/libGPUCompilerUtils.dylib
0x00007ff819a3d000 	/System/Library/PrivateFrameworks/CMCaptureCore.framework/Versions/A/CMCaptureCore
0x00007ff818f4a000 	/System/Library/PrivateFrameworks/AppServerSupport.framework/Versions/A/AppServerSupport
0x00007ff81b20b000 	/System/Library/PrivateFrameworks/perfdata.framework/Versions/A/perfdata
0x00007ff80e416000 	/System/Library/PrivateFrameworks/AudioToolboxCore.framework/Versions/A/AudioToolboxCore
0x00007ff815a61000 	/System/Library/PrivateFrameworks/caulk.framework/Versions/A/caulk
0x00007ff81ab1d000 	/usr/lib/libAudioStatistics.dylib
0x00007ff912814000 	/System/Library/PrivateFrameworks/SystemPolicy.framework/Versions/A/SystemPolicy
0x00007ff81ad78000 	/usr/lib/libSMC.dylib
0x00007ff823c97000 	/System/Library/Frameworks/CoreMIDI.framework/Versions/A/CoreMIDI
0x00007ff8198f8000 	/usr/lib/libAudioToolboxUtility.dylib
0x00007ff90ea40000 	/System/Library/PrivateFrameworks/OSAServicesClient.framework/Versions/A/OSAServicesClient
0x00007ff81b218000 	/usr/lib/libperfcheck.dylib
0x00007ff9132c1000 	/usr/lib/libmis.dylib
0x00007ffa25db7000 	/System/Library/Frameworks/OpenGL.framework/Versions/A/Libraries/libGLU.dylib
0x00007ffa25d7b000 	/System/Library/Frameworks/OpenGL.framework/Versions/A/Libraries/libGFXShared.dylib
0x00007ffa25f84000 	/System/Library/Frameworks/OpenGL.framework/Versions/A/Libraries/libGL.dylib
0x00007ffa25d84000 	/System/Library/Frameworks/OpenGL.framework/Versions/A/Libraries/libGLImage.dylib
0x00007ffa25d78000 	/System/Library/Frameworks/OpenGL.framework/Versions/A/Libraries/libCVMSPluginSupport.dylib
0x00007ffa25d63000 	/System/Library/Frameworks/OpenGL.framework/Versions/A/Libraries/libCoreVMClient.dylib
0x00007ff8165cd000 	/System/Library/Frameworks/MetalPerformanceShaders.framework/Versions/A/Frameworks/MPSCore.framework/Versions/A/MPSCore
0x00007ff81798f000 	/System/Library/Frameworks/MetalPerformanceShaders.framework/Versions/A/Frameworks/MPSImage.framework/Versions/A/MPSImage
0x00007ff817435000 	/System/Library/Frameworks/MetalPerformanceShaders.framework/Versions/A/Frameworks/MPSNeuralNetwork.framework/Versions/A/MPSNeuralNetwork
0x00007ff8178a9000 	/System/Library/Frameworks/MetalPerformanceShaders.framework/Versions/A/Frameworks/MPSMatrix.framework/Versions/A/MPSMatrix
0x00007ff817664000 	/System/Library/Frameworks/MetalPerformanceShaders.framework/Versions/A/Frameworks/MPSRayIntersector.framework/Versions/A/MPSRayIntersector
0x00007ff8178e1000 	/System/Library/Frameworks/MetalPerformanceShaders.framework/Versions/A/Frameworks/MPSNDArray.framework/Versions/A/MPSNDArray
0x00007ffa2b83c000 	/System/Library/Frameworks/MetalPerformanceShaders.framework/Versions/A/Frameworks/MPSFunctions.framework/Versions/A/MPSFunctions
0x00007ff80d71d000 	/System/Library/PrivateFrameworks/MetalTools.framework/Versions/A/MetalTools
0x00007ff816649000 	/System/Library/PrivateFrameworks/AggregateDictionary.framework/Versions/A/AggregateDictionary
0x00007ff818784000 	/usr/lib/libIOReport.dylib
0x00007ffa27393000 	/System/Library/Frameworks/OpenCL.framework/Versions/A/OpenCL
0x00007ff818ae8000 	/System/Library/PrivateFrameworks/FaceCore.framework/Versions/A/FaceCore
0x00007ff818ad9000 	/System/Library/PrivateFrameworks/GraphVisualizer.framework/Versions/A/GraphVisualizer
0x00007ffb12d3e000 	/System/Library/PrivateFrameworks/FontServices.framework/Versions/A/FontServices
0x00007ff818f02000 	/System/Library/PrivateFrameworks/OTSVG.framework/Versions/A/OTSVG
0x00007ff814403000 	/System/Library/Frameworks/ApplicationServices.framework/Versions/A/Frameworks/ATS.framework/Versions/A/Resources/libFontRegistry.dylib
0x00007ff818f52000 	/System/Library/PrivateFrameworks/FontServices.framework/libhvf.dylib
0x00007ffb12d3f000 	/System/Library/PrivateFrameworks/FontServices.framework/libXTFontStaticRegistryData.dylib
0x00007ff818952000 	/System/Library/PrivateFrameworks/AppleVA.framework/Versions/A/AppleVA
0x00007ff81ab3d000 	/System/Library/Frameworks/ApplicationServices.framework/Versions/A/Frameworks/ATS.framework/Versions/A/ATS
0x00007ff812ab0000 	/System/Library/Frameworks/ApplicationServices.framework/Versions/A/Frameworks/HIServices.framework/Versions/A/HIServices
0x00007ff819a47000 	/System/Library/Frameworks/ApplicationServices.framework/Versions/A/Frameworks/PrintCore.framework/Versions/A/PrintCore
0x00007ff81aecb000 	/System/Library/Frameworks/ApplicationServices.framework/Versions/A/Frameworks/QD.framework/Versions/A/QD
0x00007ff81aec3000 	/System/Library/Frameworks/ApplicationServices.framework/Versions/A/Frameworks/ColorSyncLegacy.framework/Versions/A/ColorSyncLegacy
0x00007ff81ab2d000 	/System/Library/Frameworks/ApplicationServices.framework/Versions/A/Frameworks/SpeechSynthesis.framework/Versions/A/SpeechSynthesis
0x00007ff819a08000 	/System/Library/Frameworks/ApplicationServices.framework/Versions/A/Frameworks/ATSUI.framework/Versions/A/ATSUI
0x00007ff81ae58000 	/usr/lib/libcups.2.dylib
0x00007ff81b227000 	/System/Library/Frameworks/Kerberos.framework/Versions/A/Kerberos
0x00007ff81b236000 	/System/Library/Frameworks/GSS.framework/Versions/A/GSS
0x00007ff81aba9000 	/usr/lib/libresolv.9.dylib
0x00007ff818f61000 	/System/Library/PrivateFrameworks/Heimdal.framework/Versions/A/Heimdal
0x00007ff821e1a000 	/System/Library/Frameworks/Kerberos.framework/Versions/A/Libraries/libHeimdalProxy.dylib
0x00007ff81376d000 	/System/Library/Frameworks/Network.framework/Versions/A/Network
0x00007ff8189bc000 	/usr/lib/libheimdal-asn1.dylib
0x00007ff81b281000 	/System/Library/PrivateFrameworks/CommonAuth.framework/Versions/A/CommonAuth
0x00007ff81aaaf000 	/System/Library/PrivateFrameworks/AudioSession.framework/Versions/A/AudioSession
0x00007ff818a4c000 	/System/Library/PrivateFrameworks/MediaExperience.framework/Versions/A/MediaExperience
0x00007ff81a941000 	/System/Library/PrivateFrameworks/AudioSession.framework/libSessionUtility.dylib
0x00007ff81aed7000 	/System/Library/PrivateFrameworks/AudioResourceArbitration.framework/Versions/A/AudioResourceArbitration
0x00007ff81ef58000 	/System/Library/PrivateFrameworks/PowerLog.framework/Versions/A/PowerLog
0x00007ff8189c5000 	/System/Library/PrivateFrameworks/IconFoundation.framework/Versions/A/IconFoundation
0x00007ff81dd0e000 	/System/Library/PrivateFrameworks/SpeechRecognitionCore.framework/Versions/A/SpeechRecognitionCore
0x000000010a0d0000 	/Library/Java/JavaVirtualMachines/jdk-11.0.14.jdk/Contents/Home/lib/server/libjvm.dylib
0x0000000109382000 	/Library/Java/JavaVirtualMachines/jdk-11.0.14.jdk/Contents/Home/lib/libverify.dylib
0x00000001093be000 	/Library/Java/JavaVirtualMachines/jdk-11.0.14.jdk/Contents/Home/lib/libjava.dylib
0x0000000109392000 	/Library/Java/JavaVirtualMachines/jdk-11.0.14.jdk/Contents/Home/lib/libjimage.dylib
0x00000001093ab000 	/Library/Java/JavaVirtualMachines/jdk-11.0.14.jdk/Contents/Home/lib/libzip.dylib
0x0000000109ea3000 	/Library/Java/JavaVirtualMachines/jdk-11.0.14.jdk/Contents/Home/lib/libnio.dylib
0x0000000109ece000 	/Library/Java/JavaVirtualMachines/jdk-11.0.14.jdk/Contents/Home/lib/libnet.dylib
0x0000000109eb5000 	/Users/yosolukito/Documents/javafx/javafx-sdk-16-1/lib/libprism_es2.dylib
0x00007ff80f8ae000 	/System/Library/PrivateFrameworks/CoreServicesInternal.framework/Versions/A/CoreServicesInternal
0x00007ffa25f8f000 	/System/Library/Frameworks/OpenGL.framework/Versions/A/Resources/GLEngine.bundle/GLEngine
0x00007ffa25df5000 	/System/Library/Frameworks/OpenGL.framework/Versions/A/Libraries/libGLProgrammability.dylib
0x00007ffa1ec81000 	/System/Library/Extensions/AppleIntelICLGraphicsGLDriver.bundle/Contents/MacOS/AppleIntelICLGraphicsGLDriver
0x00007ff91d45c000 	/System/Library/PrivateFrameworks/GPUSupport.framework/Versions/A/Libraries/libGPUSupportMercury.dylib
0x00007ffa26119000 	/System/Library/Frameworks/OpenGL.framework/Versions/A/Resources/GLRendererFloat.bundle/GLRendererFloat
0x000000012a9e5000 	/Users/yosolukito/Documents/javafx/javafx-sdk-16-1/lib/libglass.dylib
0x00007ff81f549000 	/System/Library/Frameworks/FileProvider.framework/Versions/A/FileProvider
0x00007ff813550000 	/System/Library/Frameworks/Accounts.framework/Versions/A/Accounts
0x00007ff81f6c2000 	/System/Library/PrivateFrameworks/GenerationalStorage.framework/Versions/A/GenerationalStorage
0x00007ff8201d2000 	/System/Library/PrivateFrameworks/CoreSymbolication.framework/Versions/A/CoreSymbolication
0x00007ff81ef4d000 	/System/Library/PrivateFrameworks/SymptomDiagnosticReporter.framework/Versions/A/SymptomDiagnosticReporter
0x00007ff810b6f000 	/System/Library/PrivateFrameworks/DesktopServicesPriv.framework/Versions/A/DesktopServicesPriv
0x00007ff80f9ed000 	/usr/lib/libsandbox.1.dylib
0x00007ff81489b000 	/System/Library/PrivateFrameworks/UserManagement.framework/Versions/A/UserManagement
0x00007ff820197000 	/System/Library/PrivateFrameworks/DebugSymbols.framework/Versions/A/DebugSymbols
0x00007ff81aeb8000 	/System/Library/PrivateFrameworks/NetAuth.framework/Versions/A/NetAuth
0x00007ff81bdc7000 	/System/Library/PrivateFrameworks/Sharing.framework/Versions/A/Sharing
0x00007ff81486e000 	/System/Library/PrivateFrameworks/login.framework/Versions/A/Frameworks/loginsupport.framework/Versions/A/loginsupport
0x00007ff821335000 	/System/Library/PrivateFrameworks/Apple80211.framework/Versions/A/Apple80211
0x00007ff817a74000 	/System/Library/PrivateFrameworks/AuthKit.framework/Versions/A/AuthKit
0x00007ff8170c9000 	/System/Library/PrivateFrameworks/CoreUtils.framework/Versions/A/CoreUtils
0x00007ff816ff0000 	/System/Library/Frameworks/CoreWLAN.framework/Versions/A/CoreWLAN
0x00007ff81bf26000 	/System/Library/Frameworks/IOBluetooth.framework/Versions/A/IOBluetooth
0x00007ff82139d000 	/System/Library/PrivateFrameworks/CoreWiFi.framework/Versions/A/CoreWiFi
0x00007ff81fd6c000 	/System/Library/PrivateFrameworks/FrontBoardServices.framework/Versions/A/FrontBoardServices
0x00007ff81fdfd000 	/System/Library/PrivateFrameworks/BoardServices.framework/Versions/A/BoardServices
0x00007ff8172d8000 	/System/Library/PrivateFrameworks/AssertionServices.framework/Versions/A/AssertionServices
0x00007ff821520000 	/System/Library/PrivateFrameworks/BackBoardServices.framework/Versions/A/BackBoardServices
0x00007ff81b312000 	/System/Library/PrivateFrameworks/CorePhoneNumbers.framework/Versions/A/CorePhoneNumbers
0x00007ff81abd6000 	/System/Library/PrivateFrameworks/MultiverseSupport.framework/Versions/A/MultiverseSupport
0x00007ff821793000 	/System/Library/PrivateFrameworks/RemoteServiceDiscovery.framework/Versions/A/RemoteServiceDiscovery
0x00007ff81f06a000 	/System/Library/PrivateFrameworks/DiskManagement.framework/Versions/A/DiskManagement
0x00007ff81ef7e000 	/System/Library/PrivateFrameworks/AppleIDAuthSupport.framework/Versions/A/AppleIDAuthSupport
0x00007ffb0d6b9000 	/System/Library/PrivateFrameworks/AAAFoundation.framework/Versions/A/AAAFoundation
0x00007ff81b2f3000 	/System/Library/PrivateFrameworks/KeychainCircle.framework/Versions/A/KeychainCircle
0x00007ff8217a3000 	/System/Library/PrivateFrameworks/RemoteXPC.framework/Versions/A/RemoteXPC
0x00007ff81f036000 	/System/Library/PrivateFrameworks/MediaKit.framework/Versions/A/MediaKit
0x00007ff81ef8a000 	/System/Library/Frameworks/DiscRecording.framework/Versions/A/DiscRecording
0x00007ff8188ca000 	/usr/lib/libCoreStorage.dylib
0x00007ff82180e000 	/usr/lib/libcsfde.dylib
0x00007ff81bff3000 	/System/Library/PrivateFrameworks/ProtectedCloudStorage.framework/Versions/A/ProtectedCloudStorage
0x00007ff82180a000 	/System/Library/PrivateFrameworks/EFILogin.framework/Versions/A/EFILogin
0x00007ff81f6e8000 	/System/Library/PrivateFrameworks/OctagonTrust.framework/Versions/A/OctagonTrust
0x00007ffb11fa1000 	/System/Library/PrivateFrameworks/CoreUtilsExtras.framework/Versions/A/CoreUtilsExtras
0x00007ff81eeb1000 	/System/Library/Frameworks/CoreBluetooth.framework/Versions/A/CoreBluetooth
0x00007ff821e9f000 	/System/Library/Frameworks/AudioUnit.framework/Versions/A/AudioUnit
0x00007ff8188c2000 	/usr/lib/libMatch.1.dylib
0x00007ff9178e5000 	/System/Library/Frameworks/Accelerate.framework/Versions/A/Frameworks/vImage.framework/Versions/A/Libraries/libCGInterfaces.dylib
0x000000012a9c8000 	/usr/lib/libobjc-trampolines.dylib
0x00007ffb25821000 	/usr/lib/libRosetta.dylib
0x00007ff814593000 	/System/Library/PrivateFrameworks/ViewBridge.framework/Versions/A/ViewBridge
0x000000012f185000 	/Library/Java/JavaVirtualMachines/jdk-11.0.14.jdk/Contents/Home/lib/libextnet.dylib
0x000000012f4f9000 	/Users/yosolukito/Documents/javafx/javafx-sdk-16-1/lib/libjavafx_font.dylib
0x00007ff819018000 	/System/Library/PrivateFrameworks/login.framework/Versions/A/login
0x00007ff81e42a000 	/System/Library/PrivateFrameworks/SystemAdministration.framework/Versions/A/SystemAdministration
0x00007ff819c71000 	/System/Library/Frameworks/MediaToolbox.framework/Versions/A/MediaToolbox
0x00007ff81dcda000 	/System/Library/Frameworks/DirectoryService.framework/Versions/A/DirectoryService
0x00007ff8216ac000 	/System/Library/PrivateFrameworks/DiskImages.framework/Versions/A/DiskImages
0x00007ff817380000 	/System/Library/Frameworks/ServiceManagement.framework/Versions/A/ServiceManagement
0x00007ff821888000 	/System/Library/PrivateFrameworks/LoginUIKit.framework/Versions/A/Frameworks/LoginUICore.framework/Versions/A/LoginUICore
0x00007ff8191c1000 	/usr/lib/libodfde.dylib
0x00007ff81f519000 	/System/Library/PrivateFrameworks/CoreAVCHD.framework/Versions/A/CoreAVCHD
0x00007ff81e3ee000 	/System/Library/Frameworks/MediaAccessibility.framework/Versions/A/MediaAccessibility
0x00007ff81f515000 	/System/Library/PrivateFrameworks/Mangrove.framework/Versions/A/Mangrove
0x00007ff81e3f9000 	/System/Library/PrivateFrameworks/AlgosScoreFramework.framework/Versions/A/AlgosScoreFramework
0x00007ffb0f295000 	/System/Library/PrivateFrameworks/CMPhoto.framework/Versions/A/CMPhoto
0x00007ff82006d000 	/System/Library/PrivateFrameworks/AppleVPA.framework/Versions/A/AppleVPA
0x00007ff81f15a000 	/System/Library/PrivateFrameworks/CoreAUC.framework/Versions/A/CoreAUC
0x00007ff82181a000 	/usr/lib/libcurl.4.dylib
0x00007ffb25c8d000 	/usr/lib/libcrypto.46.dylib
0x00007ffb26182000 	/usr/lib/libssl.48.dylib
0x00007ff82153e000 	/System/Library/Frameworks/LDAP.framework/Versions/A/LDAP
0x00007ff821576000 	/System/Library/PrivateFrameworks/TrustEvaluationAgent.framework/Versions/A/TrustEvaluationAgent
0x00007ff81abc2000 	/usr/lib/libsasl2.2.dylib
0x00007ff81e41e000 	/System/Library/PrivateFrameworks/CoreDaemon.framework/Versions/B/CoreDaemon
0x00007ff81e419000 	/System/Library/PrivateFrameworks/AppleSRP.framework/Versions/A/AppleSRP


VM Arguments:
jvm_args: --module-path=/documents/javafx/javafx-sdk-16-1/lib --add-modules=javafx.controls,javafx.fxml -Dfile.encoding=UTF-8 --module-path=/Users/yosolukito/Documents/javafx/javafx-sdk-16-1/lib/jfxtras-labs-9.0-r1.jar:/Users/yosolukito/Documents/javafx/javafx-sdk-16-1/lib/javafx.base.jar:/Users/yosolukito/Documents/javafx/javafx-sdk-16-1/lib/javafx.controls.jar:/Users/yosolukito/Documents/javafx/javafx-sdk-16-1/lib/javafx.web.jar:/Users/yosolukito/Documents/javafx/javafx-sdk-16-1/lib/javafx.swing.jar:/Users/yosolukito/Documents/javafx/javafx-sdk-16-1/lib/javafx.graphics.jar:/Users/yosolukito/Documents/javafx/javafx-sdk-16-1/lib/javafx.media.jar:/Users/yosolukito/Documents/javafx/javafx-sdk-16-1/lib/javafx-swt.jar:/Users/yosolukito/Documents/javafx/javafx-sdk-16-1/lib/javafx.fxml.jar:/Users/yosolukito/Documents/zaky file kuliah/semster3/BAD/mysql-connector-java-8.0.24.jar 
java_command: Auth
java_class_path (initial): /Users/yosolukito/eclipse-workspace-2020/BAD-Project/bin
Launcher Type: SUN_STANDARD

[Global flags]
     intx CICompilerCount                          = 4                                         {product} {ergonomic}
     uint ConcGCThreads                            = 2                                         {product} {ergonomic}
     uint G1ConcRefinementThreads                  = 8                                         {product} {ergonomic}
   size_t G1HeapRegionSize                         = 1048576                                   {product} {ergonomic}
    uintx GCDrainStackTargetSize                   = 64                                        {product} {ergonomic}
   size_t InitialHeapSize                          = 134217728                                 {product} {ergonomic}
   size_t MarkStackSize                            = 4194304                                   {product} {ergonomic}
   size_t MaxHeapSize                              = 2147483648                                {product} {ergonomic}
   size_t MaxNewSize                               = 1287651328                                {product} {ergonomic}
   size_t MinHeapDeltaBytes                        = 1048576                                   {product} {ergonomic}
    uintx NonNMethodCodeHeapSize                   = 5836300                                {pd product} {ergonomic}
    uintx NonProfiledCodeHeapSize                  = 122910970                              {pd product} {ergonomic}
    uintx ProfiledCodeHeapSize                     = 122910970                              {pd product} {ergonomic}
    uintx ReservedCodeCacheSize                    = 251658240                              {pd product} {ergonomic}
     bool SegmentedCodeCache                       = true                                      {product} {ergonomic}
     bool UseCompressedClassPointers               = true                                 {lp64_product} {ergonomic}
     bool UseCompressedOops                        = true                                 {lp64_product} {ergonomic}
     bool UseG1GC                                  = true                                      {product} {ergonomic}

Logging:
Log output configuration:
 #0: stdout all=warning uptime,level,tags
 #1: stderr all=off uptime,level,tags

Environment Variables:
PATH=/usr/bin:/bin:/usr/sbin:/sbin
SHELL=/bin/zsh

Signal Handlers:
SIGSEGV: [libjvm.dylib+0x789b18], sa_mask[0]=11111111011111110111111111111111, sa_flags=SA_ONSTACK|SA_RESTART|SA_SIGINFO
SIGBUS: [libjvm.dylib+0x789b18], sa_mask[0]=11111111011111110111111111111111, sa_flags=SA_RESTART|SA_SIGINFO
SIGFPE: [libjvm.dylib+0x789b18], sa_mask[0]=11111111011111110111111111111111, sa_flags=SA_RESTART|SA_SIGINFO
SIGPIPE: [libjvm.dylib+0x63c69b], sa_mask[0]=11111111011111110111111111111111, sa_flags=SA_RESTART|SA_SIGINFO
SIGXFSZ: [libjvm.dylib+0x63c69b], sa_mask[0]=11111111011111110111111111111111, sa_flags=SA_RESTART|SA_SIGINFO
SIGILL: [libjvm.dylib+0x789b18], sa_mask[0]=11111111011111110111111111111111, sa_flags=SA_RESTART|SA_SIGINFO
SIGUSR2: [libjvm.dylib+0x63cc70], sa_mask[0]=00100000000000000000000000000000, sa_flags=SA_RESTART|SA_SIGINFO
SIGHUP: [libjvm.dylib+0x63b773], sa_mask[0]=11111111011111110111111111111111, sa_flags=SA_RESTART|SA_SIGINFO
SIGINT: [libjvm.dylib+0x63b773], sa_mask[0]=11111111011111110111111111111111, sa_flags=SA_RESTART|SA_SIGINFO
SIGTERM: [libjvm.dylib+0x63b773], sa_mask[0]=11111111011111110111111111111111, sa_flags=SA_RESTART|SA_SIGINFO
SIGQUIT: [libjvm.dylib+0x63b773], sa_mask[0]=11111111011111110111111111111111, sa_flags=SA_RESTART|SA_SIGINFO


---------------  S Y S T E M  ---------------

OS:uname:Darwin 21.6.0 Darwin Kernel Version 21.6.0: Wed Aug 10 14:25:27 PDT 2022; root:xnu-8020.141.5~2/RELEASE_X86_64 x86_64
rlimit: STACK 8192k, CORE 0k, NPROC 1392, NOFILE 10240, AS infinity, DATA infinity, FSIZE infinity
load average:3.48 3.06 2.78

CPU:total 8 (initial active 8) (4 cores per cpu, 2 threads per core) family 6 model 126 stepping 5 microcode 0xb2, cmov, cx8, fxsr, mmx, sse, sse2, sse3, ssse3, sse4.1, sse4.2, popcnt, avx, avx2, aes, clmul, erms, 3dnowpref, lzcnt, ht, tsc, tscinvbit, bmi1, bmi2, adx, sha, fma

Memory: 4k page, physical 8388608k(132596k free)

vm_info: Java HotSpot(TM) 64-Bit Server VM (11.0.14+8-LTS-263) for bsd-amd64 JRE (11.0.14+8-LTS-263), built on Dec  7 2021 21:55:44 by "mach5one" with gcc 4.2.1 Compatible Apple LLVM 11.0.0 (clang-1100.0.33.17)

END.
